<?xml version="1.0" encoding="UTF-8"?>
<!-- Generated by org.testng.reporters.JUnitReportReporter -->
<testsuite hostname="DESKTOP-NJQ0HBE" failures="0" tests="13" name="testCases.TC_LoginTest_001" time="15.970" errors="0" timestamp="2022-07-28T22:12:47 PKT" skipped="0">
  <testcase classname="testCases.TC_LoginTest_001" name="loginTest" time="1.340"/>
  <system-out/>
  <testcase classname="testCases.TC_LoginTest_001" name="loginTest" time="1.848"/>
  <system-out/>
  <testcase classname="testCases.TC_LoginTest_001" name="loginTest" time="1.012"/>
  <system-out/>
  <testcase classname="testCases.TC_LoginTest_001" name="loginTest" time="0.955"/>
  <system-out/>
  <testcase classname="testCases.TC_LoginTest_001" name="loginTest" time="0.781"/>
  <system-out/>
  <testcase classname="testCases.TC_LoginTest_001" name="loginTest" time="1.076"/>
  <system-out/>
  <testcase classname="testCases.TC_LoginTest_001" name="loginTest" time="2.249"/>
  <system-out/>
  <testcase classname="testCases.TC_LoginTest_001" name="loginTest" time="1.056"/>
  <system-out/>
  <testcase classname="testCases.TC_LoginTest_001" name="loginTest" time="0.798"/>
  <system-out/>
  <testcase classname="testCases.TC_LoginTest_001" name="loginTest" time="0.854"/>
  <system-out/>
  <testcase classname="testCases.TC_LoginTest_001" name="loginTest" time="2.298"/>
  <system-out/>
  <testcase classname="testCases.TC_LoginTest_001" name="loginTest" time="0.949"/>
  <system-out/>
  <testcase classname="testCases.TC_LoginTest_001" name="loginTest" time="0.754"/>
  <system-out/>
</testsuite> <!-- testCases.TC_LoginTest_001 -->
