<?xml version="1.0" encoding="UTF-8"?>
<!-- Generated by org.testng.reporters.JUnitReportReporter -->
<testsuite hostname="DESKTOP-NJQ0HBE" failures="0" tests="13" name="testCases.TC_LoginTest_001" time="13.899" errors="0" timestamp="2022-07-29T01:24:09 PKT" skipped="0">
  <testcase classname="testCases.TC_LoginTest_001" name="loginTest" time="0.721"/>
  <system-out/>
  <testcase classname="testCases.TC_LoginTest_001" name="loginTest" time="0.938"/>
  <system-out/>
  <testcase classname="testCases.TC_LoginTest_001" name="loginTest" time="0.647"/>
  <system-out/>
  <testcase classname="testCases.TC_LoginTest_001" name="loginTest" time="1.235"/>
  <system-out/>
  <testcase classname="testCases.TC_LoginTest_001" name="loginTest" time="0.940"/>
  <system-out/>
  <testcase classname="testCases.TC_LoginTest_001" name="loginTest" time="0.918"/>
  <system-out/>
  <testcase classname="testCases.TC_LoginTest_001" name="loginTest" time="1.007"/>
  <system-out/>
  <testcase classname="testCases.TC_LoginTest_001" name="loginTest" time="2.205"/>
  <system-out/>
  <testcase classname="testCases.TC_LoginTest_001" name="loginTest" time="0.604"/>
  <system-out/>
  <testcase classname="testCases.TC_LoginTest_001" name="loginTest" time="0.657"/>
  <system-out/>
  <testcase classname="testCases.TC_LoginTest_001" name="loginTest" time="0.977"/>
  <system-out/>
  <testcase classname="testCases.TC_LoginTest_001" name="loginTest" time="0.770"/>
  <system-out/>
  <testcase classname="testCases.TC_LoginTest_001" name="loginTest" time="2.280"/>
  <system-out/>
</testsuite> <!-- testCases.TC_LoginTest_001 -->
