<?xml version="1.0" encoding="UTF-8"?>
<!-- Generated by org.testng.reporters.JUnitReportReporter -->
<testsuite hostname="DESKTOP-NJQ0HBE" failures="0" tests="13" name="testCases.TC_LoginTest_001" time="18.081" errors="0" timestamp="2022-07-29T14:43:15 PKT" skipped="0">
  <testcase classname="testCases.TC_LoginTest_001" name="loginTest" time="1.184"/>
  <system-out/>
  <testcase classname="testCases.TC_LoginTest_001" name="loginTest" time="2.043"/>
  <system-out/>
  <testcase classname="testCases.TC_LoginTest_001" name="loginTest" time="5.810"/>
  <system-out/>
  <testcase classname="testCases.TC_LoginTest_001" name="loginTest" time="1.292"/>
  <system-out/>
  <testcase classname="testCases.TC_LoginTest_001" name="loginTest" time="0.730"/>
  <system-out/>
  <testcase classname="testCases.TC_LoginTest_001" name="loginTest" time="1.048"/>
  <system-out/>
  <testcase classname="testCases.TC_LoginTest_001" name="loginTest" time="1.086"/>
  <system-out/>
  <testcase classname="testCases.TC_LoginTest_001" name="loginTest" time="0.680"/>
  <system-out/>
  <testcase classname="testCases.TC_LoginTest_001" name="loginTest" time="0.710"/>
  <system-out/>
  <testcase classname="testCases.TC_LoginTest_001" name="loginTest" time="0.707"/>
  <system-out/>
  <testcase classname="testCases.TC_LoginTest_001" name="loginTest" time="1.000"/>
  <system-out/>
  <testcase classname="testCases.TC_LoginTest_001" name="loginTest" time="1.035"/>
  <system-out/>
  <testcase classname="testCases.TC_LoginTest_001" name="loginTest" time="0.756"/>
  <system-out/>
</testsuite> <!-- testCases.TC_LoginTest_001 -->
